<?xml version="1.0" encoding="UTF-8"?>
<testng-results ignored="0" total="1" passed="1" failed="0" skipped="0">
  <reporter-output>
  </reporter-output>
  <suite started-at="2025-04-21T20:02:23 IST" name="Default suite" finished-at="2025-04-21T20:03:03 IST" duration-ms="40366">
    <groups>
      <group name="cucumber">
        <method signature="AbstractTestNGCucumberTests.runScenario(io.cucumber.testng.PickleWrapper,io.cucumber.testng.FeatureWrapper)[pri:0, instance:testrunner.UrbanRun@50caa560]" name="runScenario" class="io.cucumber.testng.AbstractTestNGCucumberTests"/>
      </group> <!-- cucumber -->
    </groups>
    <test started-at="2025-04-21T20:02:23 IST" name="Default test" finished-at="2025-04-21T20:03:03 IST" duration-ms="40366">
      <class name="testrunner.UrbanRun">
        <test-method is-config="true" signature="setUpClass(org.testng.ITestContext)[pri:0, instance:testrunner.UrbanRun@50caa560]" started-at="2025-04-21T20:02:23 IST" name="setUpClass" finished-at="2025-04-21T20:02:23 IST" duration-ms="270" status="PASS">
          <params>
            <param index="0">
              <value>
                <![CDATA[org.testng.TestRunner@45792847]]>
              </value>
            </param>
          </params>
          <reporter-output>
          </reporter-output>
        </test-method> <!-- setUpClass -->
        <test-method signature="runScenario(io.cucumber.testng.PickleWrapper,io.cucumber.testng.FeatureWrapper)[pri:0, instance:testrunner.UrbanRun@50caa560]" started-at="2025-04-21T20:02:23 IST" name="runScenario" description="Runs Cucumber Scenarios" data-provider="scenarios" finished-at="2025-04-21T20:03:03 IST" duration-ms="40036" status="PASS">
          <params>
            <param index="0">
              <value>
                <![CDATA["Verifying the working functionality of Urban ladder"]]>
              </value>
            </param>
            <param index="1">
              <value>
                <![CDATA["Validate the Urban ladder Website Automation"]]>
              </value>
            </param>
          </params>
          <reporter-output>
          </reporter-output>
        </test-method> <!-- runScenario -->
        <test-method is-config="true" signature="tearDownClass()[pri:0, instance:testrunner.UrbanRun@50caa560]" started-at="2025-04-21T20:03:03 IST" name="tearDownClass" finished-at="2025-04-21T20:03:03 IST" duration-ms="2" status="PASS">
          <reporter-output>
          </reporter-output>
        </test-method> <!-- tearDownClass -->
      </class> <!-- testrunner.UrbanRun -->
    </test> <!-- Default test -->
  </suite> <!-- Default suite -->
</testng-results>
